#! /usr/bin/vvp
:ivl_version "11.0 (stable)";
:ivl_delay_selection "TYPICAL";
:vpi_time_precision + 0;
:vpi_module "/usr/lib/x86_64-linux-gnu/ivl/system.vpi";
:vpi_module "/usr/lib/x86_64-linux-gnu/ivl/vhdl_sys.vpi";
:vpi_module "/usr/lib/x86_64-linux-gnu/ivl/vhdl_textio.vpi";
:vpi_module "/usr/lib/x86_64-linux-gnu/ivl/v2005_math.vpi";
:vpi_module "/usr/lib/x86_64-linux-gnu/ivl/va_math.vpi";
S_0x558ca2e80fb0 .scope module, "testbench" "testbench" 2 3;
 .timescale 0 0;
v0x558ca2ea8760_0 .var "clk", 0 0;
S_0x558ca2e81140 .scope module, "proc" "processor" 2 5, 3 3 0, S_0x558ca2e80fb0;
 .timescale 0 0;
    .port_info 0 /INPUT 1 "clk";
v0x558ca2ea7df0_0 .net "arg_a", 63 0, L_0x558ca2e73a40;  1 drivers
v0x558ca2ea7f00_0 .net "arg_b", 63 0, L_0x558ca2ea9070;  1 drivers
v0x558ca2ea8010_0 .net "clk", 0 0, v0x558ca2ea8760_0;  1 drivers
v0x558ca2ea8100_0 .net "destination", 19 0, L_0x558ca2ea8960;  1 drivers
v0x558ca2ea81a0_0 .net "instruction", 63 0, v0x558ca2ea7b70_0;  1 drivers
v0x558ca2ea8290_0 .net "nxtpc", 63 0, v0x558ca2ea65a0_0;  1 drivers
v0x558ca2ea8330_0 .net "operator", 3 0, L_0x558ca2ea8800;  1 drivers
v0x558ca2ea8400_0 .var "pc", 63 0;
v0x558ca2ea84f0_0 .net "pointer_a", 19 0, L_0x558ca2ea8a50;  1 drivers
v0x558ca2ea85b0_0 .net "pointer_b", 19 0, L_0x558ca2ea8b40;  1 drivers
v0x558ca2ea8680_0 .net "result", 63 0, v0x558ca2ea67b0_0;  1 drivers
L_0x558ca2ea8800 .part v0x558ca2ea7b70_0, 60, 4;
L_0x558ca2ea8960 .part v0x558ca2ea7b70_0, 40, 20;
L_0x558ca2ea8a50 .part v0x558ca2ea7b70_0, 20, 20;
L_0x558ca2ea8b40 .part v0x558ca2ea7b70_0, 0, 20;
S_0x558ca2e861d0 .scope module, "calc" "alu" 3 45, 4 3 0, S_0x558ca2e81140;
 .timescale 0 0;
    .port_info 0 /INPUT 4 "operator";
    .port_info 1 /INPUT 64 "arg_a";
    .port_info 2 /INPUT 64 "arg_b";
    .port_info 3 /INPUT 64 "currpc";
    .port_info 4 /OUTPUT 64 "nxtpc";
    .port_info 5 /OUTPUT 64 "result";
v0x558ca2e863b0_0 .net "arg_a", 63 0, L_0x558ca2e73a40;  alias, 1 drivers
v0x558ca2ea6400_0 .net "arg_b", 63 0, L_0x558ca2ea9070;  alias, 1 drivers
v0x558ca2ea64e0_0 .net "currpc", 63 0, v0x558ca2ea8400_0;  1 drivers
v0x558ca2ea65a0_0 .var "nxtpc", 63 0;
v0x558ca2ea6680_0 .net "operator", 3 0, L_0x558ca2ea8800;  alias, 1 drivers
v0x558ca2ea67b0_0 .var "result", 63 0;
E_0x558ca2e74cd0 .event edge, v0x558ca2ea6680_0, v0x558ca2e863b0_0, v0x558ca2ea6400_0, v0x558ca2ea64e0_0;
S_0x558ca2ea6950 .scope module, "datamem" "ram" 3 35, 5 3 0, S_0x558ca2e81140;
 .timescale 0 0;
    .port_info 0 /INPUT 64 "result";
    .port_info 1 /INPUT 20 "pointer_a";
    .port_info 2 /INPUT 20 "pointer_b";
    .port_info 3 /INPUT 20 "pointer_w";
    .port_info 4 /INPUT 1 "clk";
    .port_info 5 /OUTPUT 64 "data_a";
    .port_info 6 /OUTPUT 64 "data_b";
L_0x558ca2e73a40 .functor BUFZ 64, L_0x558ca2ea8c10, C4<0000000000000000000000000000000000000000000000000000000000000000>, C4<0000000000000000000000000000000000000000000000000000000000000000>, C4<0000000000000000000000000000000000000000000000000000000000000000>;
L_0x558ca2ea9070 .functor BUFZ 64, L_0x558ca2ea8e60, C4<0000000000000000000000000000000000000000000000000000000000000000>, C4<0000000000000000000000000000000000000000000000000000000000000000>, C4<0000000000000000000000000000000000000000000000000000000000000000>;
v0x558ca2ea6c20_0 .net *"_ivl_0", 63 0, L_0x558ca2ea8c10;  1 drivers
v0x558ca2ea6d20_0 .net *"_ivl_10", 21 0, L_0x558ca2ea8f00;  1 drivers
L_0x7f8aa67d6060 .functor BUFT 1, C4<00>, C4<0>, C4<0>, C4<0>;
v0x558ca2ea6e00_0 .net *"_ivl_13", 1 0, L_0x7f8aa67d6060;  1 drivers
v0x558ca2ea6ec0_0 .net *"_ivl_2", 21 0, L_0x558ca2ea8cb0;  1 drivers
L_0x7f8aa67d6018 .functor BUFT 1, C4<00>, C4<0>, C4<0>, C4<0>;
v0x558ca2ea6fa0_0 .net *"_ivl_5", 1 0, L_0x7f8aa67d6018;  1 drivers
v0x558ca2ea70d0_0 .net *"_ivl_8", 63 0, L_0x558ca2ea8e60;  1 drivers
v0x558ca2ea71b0_0 .net "clk", 0 0, v0x558ca2ea8760_0;  alias, 1 drivers
v0x558ca2ea7270_0 .net "data_a", 63 0, L_0x558ca2e73a40;  alias, 1 drivers
v0x558ca2ea7330_0 .net "data_b", 63 0, L_0x558ca2ea9070;  alias, 1 drivers
v0x558ca2ea73d0_0 .net "pointer_a", 19 0, L_0x558ca2ea8a50;  alias, 1 drivers
v0x558ca2ea7490_0 .net "pointer_b", 19 0, L_0x558ca2ea8b40;  alias, 1 drivers
v0x558ca2ea7570_0 .net "pointer_w", 19 0, L_0x558ca2ea8960;  alias, 1 drivers
v0x558ca2ea7650 .array "ram", 0 1048575, 63 0;
v0x558ca2ea7710_0 .net "result", 63 0, v0x558ca2ea67b0_0;  alias, 1 drivers
E_0x558ca2e74d90 .event negedge, v0x558ca2ea71b0_0;
L_0x558ca2ea8c10 .array/port v0x558ca2ea7650, L_0x558ca2ea8cb0;
L_0x558ca2ea8cb0 .concat [ 20 2 0 0], L_0x558ca2ea8a50, L_0x7f8aa67d6018;
L_0x558ca2ea8e60 .array/port v0x558ca2ea7650, L_0x558ca2ea8f00;
L_0x558ca2ea8f00 .concat [ 20 2 0 0], L_0x558ca2ea8b40, L_0x7f8aa67d6060;
S_0x558ca2ea7890 .scope module, "progmem" "rom" 3 18, 6 1 0, S_0x558ca2e81140;
 .timescale 0 0;
    .port_info 0 /INPUT 64 "pointer";
    .port_info 1 /INPUT 1 "clk";
    .port_info 2 /OUTPUT 64 "instruction";
v0x558ca2ea7ab0_0 .net "clk", 0 0, v0x558ca2ea8760_0;  alias, 1 drivers
v0x558ca2ea7b70_0 .var "instruction", 63 0;
v0x558ca2ea7c30_0 .net "pointer", 63 0, v0x558ca2ea8400_0;  alias, 1 drivers
v0x558ca2ea7cd0 .array "rom", 0 1048575, 63 0;
E_0x558ca2e74c50 .event posedge, v0x558ca2ea71b0_0;
    .scope S_0x558ca2ea7890;
T_0 ;
    %vpi_call 6 12 "$readmemb", "rom.mem", v0x558ca2ea7cd0 {0 0 0};
    %end;
    .thread T_0;
    .scope S_0x558ca2ea7890;
T_1 ;
    %wait E_0x558ca2e74c50;
    %ix/getv 4, v0x558ca2ea7c30_0;
    %load/vec4a v0x558ca2ea7cd0, 4;
    %assign/vec4 v0x558ca2ea7b70_0, 0;
    %jmp T_1;
    .thread T_1;
    .scope S_0x558ca2ea6950;
T_2 ;
    %vpi_call 5 14 "$readmemb", "ram.mem", v0x558ca2ea7650 {0 0 0};
    %pushi/vec4 0, 0, 64;
    %ix/load 4, 0, 0;
    %flag_set/imm 4, 0;
    %store/vec4a v0x558ca2ea7650, 4, 0;
    %pushi/vec4 1, 0, 64;
    %ix/load 4, 1, 0;
    %flag_set/imm 4, 0;
    %store/vec4a v0x558ca2ea7650, 4, 0;
    %end;
    .thread T_2;
    .scope S_0x558ca2ea6950;
T_3 ;
    %wait E_0x558ca2e74d90;
    %load/vec4 v0x558ca2ea7570_0;
    %pad/u 32;
    %cmpi/u 1, 0, 32;
    %flag_or 5, 4; GT is !LE
    %flag_inv 5;
    %jmp/0xz  T_3.0, 5;
    %load/vec4 v0x558ca2ea7710_0;
    %load/vec4 v0x558ca2ea7570_0;
    %pad/u 22;
    %ix/vec4 3;
    %ix/load 4, 0, 0; Constant delay
    %assign/vec4/a/d v0x558ca2ea7650, 0, 4;
T_3.0 ;
    %jmp T_3;
    .thread T_3;
    .scope S_0x558ca2e861d0;
T_4 ;
    %wait E_0x558ca2e74cd0;
    %load/vec4 v0x558ca2ea6680_0;
    %dup/vec4;
    %pushi/vec4 0, 0, 4;
    %cmp/u;
    %jmp/1 T_4.0, 6;
    %dup/vec4;
    %pushi/vec4 1, 0, 4;
    %cmp/u;
    %jmp/1 T_4.1, 6;
    %dup/vec4;
    %pushi/vec4 2, 0, 4;
    %cmp/u;
    %jmp/1 T_4.2, 6;
    %dup/vec4;
    %pushi/vec4 3, 0, 4;
    %cmp/u;
    %jmp/1 T_4.3, 6;
    %dup/vec4;
    %pushi/vec4 4, 0, 4;
    %cmp/u;
    %jmp/1 T_4.4, 6;
    %dup/vec4;
    %pushi/vec4 5, 0, 4;
    %cmp/u;
    %jmp/1 T_4.5, 6;
    %dup/vec4;
    %pushi/vec4 6, 0, 4;
    %cmp/u;
    %jmp/1 T_4.6, 6;
    %dup/vec4;
    %pushi/vec4 7, 0, 4;
    %cmp/u;
    %jmp/1 T_4.7, 6;
    %dup/vec4;
    %pushi/vec4 8, 0, 4;
    %cmp/u;
    %jmp/1 T_4.8, 6;
    %dup/vec4;
    %pushi/vec4 9, 0, 4;
    %cmp/u;
    %jmp/1 T_4.9, 6;
    %dup/vec4;
    %pushi/vec4 10, 0, 4;
    %cmp/u;
    %jmp/1 T_4.10, 6;
    %dup/vec4;
    %pushi/vec4 11, 0, 4;
    %cmp/u;
    %jmp/1 T_4.11, 6;
    %dup/vec4;
    %pushi/vec4 12, 0, 4;
    %cmp/u;
    %jmp/1 T_4.12, 6;
    %jmp T_4.13;
T_4.0 ;
    %load/vec4 v0x558ca2e863b0_0;
    %load/vec4 v0x558ca2ea6400_0;
    %add;
    %store/vec4 v0x558ca2ea67b0_0, 0, 64;
    %jmp T_4.13;
T_4.1 ;
    %load/vec4 v0x558ca2e863b0_0;
    %load/vec4 v0x558ca2ea6400_0;
    %sub;
    %store/vec4 v0x558ca2ea67b0_0, 0, 64;
    %jmp T_4.13;
T_4.2 ;
    %load/vec4 v0x558ca2e863b0_0;
    %load/vec4 v0x558ca2ea6400_0;
    %mul;
    %store/vec4 v0x558ca2ea67b0_0, 0, 64;
    %jmp T_4.13;
T_4.3 ;
    %load/vec4 v0x558ca2ea6400_0;
    %cmpi/ne 0, 0, 64;
    %flag_mov 8, 4;
    %jmp/0 T_4.14, 8;
    %load/vec4 v0x558ca2e863b0_0;
    %load/vec4 v0x558ca2ea6400_0;
    %div;
    %jmp/1 T_4.15, 8;
T_4.14 ; End of true expr.
    %pushi/vec4 0, 0, 64;
    %jmp/0 T_4.15, 8;
 ; End of false expr.
    %blend;
T_4.15;
    %store/vec4 v0x558ca2ea67b0_0, 0, 64;
    %jmp T_4.13;
T_4.4 ;
    %load/vec4 v0x558ca2e863b0_0;
    %load/vec4 v0x558ca2ea6400_0;
    %and;
    %store/vec4 v0x558ca2ea67b0_0, 0, 64;
    %jmp T_4.13;
T_4.5 ;
    %load/vec4 v0x558ca2e863b0_0;
    %load/vec4 v0x558ca2ea6400_0;
    %or;
    %store/vec4 v0x558ca2ea67b0_0, 0, 64;
    %jmp T_4.13;
T_4.6 ;
    %load/vec4 v0x558ca2e863b0_0;
    %load/vec4 v0x558ca2ea6400_0;
    %or;
    %inv;
    %store/vec4 v0x558ca2ea67b0_0, 0, 64;
    %jmp T_4.13;
T_4.7 ;
    %load/vec4 v0x558ca2e863b0_0;
    %load/vec4 v0x558ca2ea6400_0;
    %xor;
    %store/vec4 v0x558ca2ea67b0_0, 0, 64;
    %jmp T_4.13;
T_4.8 ;
    %load/vec4 v0x558ca2e863b0_0;
    %ix/getv 4, v0x558ca2ea6400_0;
    %shiftl 4;
    %store/vec4 v0x558ca2ea67b0_0, 0, 64;
    %jmp T_4.13;
T_4.9 ;
    %load/vec4 v0x558ca2e863b0_0;
    %ix/getv 4, v0x558ca2ea6400_0;
    %shiftr 4;
    %store/vec4 v0x558ca2ea67b0_0, 0, 64;
    %jmp T_4.13;
T_4.10 ;
    %load/vec4 v0x558ca2e863b0_0;
    %load/vec4 v0x558ca2ea6400_0;
    %cmp/u;
    %flag_get/vec4 5;
    %pad/u 64;
    %store/vec4 v0x558ca2ea67b0_0, 0, 64;
    %jmp T_4.13;
T_4.11 ;
    %load/vec4 v0x558ca2ea6400_0;
    %load/vec4 v0x558ca2e863b0_0;
    %cmp/u;
    %flag_get/vec4 5;
    %pad/u 64;
    %store/vec4 v0x558ca2ea67b0_0, 0, 64;
    %jmp T_4.13;
T_4.12 ;
    %load/vec4 v0x558ca2e863b0_0;
    %load/vec4 v0x558ca2ea6400_0;
    %cmp/e;
    %flag_get/vec4 4;
    %pad/u 64;
    %store/vec4 v0x558ca2ea67b0_0, 0, 64;
    %jmp T_4.13;
T_4.13 ;
    %pop/vec4 1;
    %load/vec4 v0x558ca2ea6680_0;
    %pad/u 32;
    %pushi/vec4 13, 0, 32;
    %cmp/e;
    %flag_get/vec4 4;
    %load/vec4 v0x558ca2e863b0_0;
    %pushi/vec4 0, 0, 64;
    %cmp/ne;
    %flag_get/vec4 4;
    %and;
    %flag_set/vec4 8;
    %jmp/0xz  T_4.16, 8;
    %load/vec4 v0x558ca2ea6400_0;
    %store/vec4 v0x558ca2ea65a0_0, 0, 64;
    %load/vec4 v0x558ca2ea64e0_0;
    %store/vec4 v0x558ca2ea67b0_0, 0, 64;
    %jmp T_4.17;
T_4.16 ;
    %load/vec4 v0x558ca2ea64e0_0;
    %addi 1, 0, 64;
    %store/vec4 v0x558ca2ea65a0_0, 0, 64;
T_4.17 ;
    %jmp T_4;
    .thread T_4, $push;
    .scope S_0x558ca2e81140;
T_5 ;
    %pushi/vec4 0, 0, 64;
    %store/vec4 v0x558ca2ea8400_0, 0, 64;
    %end;
    .thread T_5;
    .scope S_0x558ca2e81140;
T_6 ;
    %wait E_0x558ca2e74c50;
    %load/vec4 v0x558ca2ea8290_0;
    %assign/vec4 v0x558ca2ea8400_0, 0;
    %jmp T_6;
    .thread T_6;
    .scope S_0x558ca2e80fb0;
T_7 ;
    %pushi/vec4 0, 0, 1;
    %store/vec4 v0x558ca2ea8760_0, 0, 1;
T_7.0 ;
    %delay 5, 0;
    %load/vec4 v0x558ca2ea8760_0;
    %inv;
    %store/vec4 v0x558ca2ea8760_0, 0, 1;
    %jmp T_7.0;
    %end;
    .thread T_7;
    .scope S_0x558ca2e80fb0;
T_8 ;
    %vpi_call 2 14 "$monitor", "Time=%4d ns: RAM[2]=%d, RAM[3]=%d", $time, &A<v0x558ca2ea7650, 2>, &A<v0x558ca2ea7650, 3> {0 0 0};
    %delay 100, 0;
    %vpi_call 2 20 "$finish" {0 0 0};
    %end;
    .thread T_8;
# The file index is used to find the file name in the following table.
:file_names 7;
    "N/A";
    "<interactive>";
    "testbench.v";
    "processor.v";
    "alu.v";
    "ram.v";
    "rom.v";
